<?xml version="1.0" encoding="UTF-8"?>
<testng-results skipped="0" failed="0" total="1" passed="1">
  <reporter-output>
  </reporter-output>
  <suite name="Default suite" duration-ms="315709" started-at="2019-06-18T10:16:21Z" finished-at="2019-06-18T10:21:37Z">
    <groups>
      <group name="cucumber">
        <method signature="AbstractTestNGCucumberTests.feature(cucumber.api.testng.CucumberFeatureWrapper)[pri:0, instance:step_definitions.FailedScenarios@131276c2]" name="feature" class="cucumber.api.testng.AbstractTestNGCucumberTests"/>
      </group> <!-- cucumber -->
    </groups>
    <test name="Default test" duration-ms="315709" started-at="2019-06-18T10:16:21Z" finished-at="2019-06-18T10:21:37Z">
      <class name="step_definitions.FailedScenarios">
        <test-method status="PASS" signature="setUpClass()[pri:0, instance:step_definitions.FailedScenarios@131276c2]" name="setUpClass" is-config="true" duration-ms="312" started-at="2019-06-18T15:46:21Z" finished-at="2019-06-18T15:46:21Z">
          <reporter-output>
          </reporter-output>
        </test-method> <!-- setUpClass -->
        <test-method status="PASS" signature="feature(cucumber.api.testng.CucumberFeatureWrapper)[pri:0, instance:step_definitions.FailedScenarios@131276c2]" name="feature" duration-ms="314665" started-at="2019-06-18T15:46:21Z" description="Runs Cucumber Feature" data-provider="features" finished-at="2019-06-18T15:51:36Z">
          <params>
            <param index="0">
              <value>
                <![CDATA[Verify multiple scenarios on Cart Page]]>
              </value>
            </param>
          </params>
          <reporter-output>
          </reporter-output>
        </test-method> <!-- feature -->
        <test-method status="PASS" signature="teardown()[pri:0, instance:step_definitions.FailedScenarios@131276c2]" name="teardown" is-config="true" duration-ms="202" started-at="2019-06-18T15:51:36Z" finished-at="2019-06-18T15:51:36Z">
          <reporter-output>
          </reporter-output>
        </test-method> <!-- teardown -->
        <test-method status="PASS" signature="tearDownClass()[pri:0, instance:step_definitions.FailedScenarios@131276c2]" name="tearDownClass" is-config="true" duration-ms="437" started-at="2019-06-18T15:51:36Z" finished-at="2019-06-18T15:51:37Z">
          <reporter-output>
          </reporter-output>
        </test-method> <!-- tearDownClass -->
      </class> <!-- step_definitions.FailedScenarios -->
    </test> <!-- Default test -->
  </suite> <!-- Default suite -->
</testng-results>
