<?xml version="1.0" encoding="UTF-8"?>
<testng-results skipped="0" failed="0" total="1" passed="1">
  <reporter-output>
  </reporter-output>
  <suite name="Default suite" duration-ms="128594" started-at="2019-06-19T14:02:56Z" finished-at="2019-06-19T14:05:04Z">
    <groups>
      <group name="cucumber">
        <method signature="AbstractTestNGCucumberTests.feature(cucumber.api.testng.CucumberFeatureWrapper)[pri:0, instance:step_definitions.Poland_PTP_RunnerTest@67205a84]" name="feature" class="cucumber.api.testng.AbstractTestNGCucumberTests"/>
      </group> <!-- cucumber -->
    </groups>
    <test name="Default test" duration-ms="128594" started-at="2019-06-19T14:02:56Z" finished-at="2019-06-19T14:05:04Z">
      <class name="step_definitions.Poland_PTP_RunnerTest">
        <test-method status="PASS" signature="setUpClass()[pri:0, instance:step_definitions.Poland_PTP_RunnerTest@67205a84]" name="setUpClass" is-config="true" duration-ms="319" started-at="2019-06-19T19:32:56Z" finished-at="2019-06-19T19:32:56Z">
          <reporter-output>
          </reporter-output>
        </test-method> <!-- setUpClass -->
        <test-method status="PASS" signature="feature(cucumber.api.testng.CucumberFeatureWrapper)[pri:0, instance:step_definitions.Poland_PTP_RunnerTest@67205a84]" name="feature" duration-ms="127571" started-at="2019-06-19T19:32:56Z" description="Runs Cucumber Feature" data-provider="features" finished-at="2019-06-19T19:35:04Z">
          <params>
            <param index="0">
              <value>
                <![CDATA[Verify multiple scenarios on Checkout Page]]>
              </value>
            </param>
          </params>
          <reporter-output>
          </reporter-output>
        </test-method> <!-- feature -->
        <test-method status="PASS" signature="teardown()[pri:0, instance:step_definitions.Poland_PTP_RunnerTest@67205a84]" name="teardown" is-config="true" duration-ms="147" started-at="2019-06-19T19:35:04Z" finished-at="2019-06-19T19:35:04Z">
          <reporter-output>
          </reporter-output>
        </test-method> <!-- teardown -->
        <test-method status="PASS" signature="tearDownClass()[pri:0, instance:step_definitions.Poland_PTP_RunnerTest@67205a84]" name="tearDownClass" is-config="true" duration-ms="413" started-at="2019-06-19T19:35:04Z" finished-at="2019-06-19T19:35:04Z">
          <reporter-output>
          </reporter-output>
        </test-method> <!-- tearDownClass -->
      </class> <!-- step_definitions.Poland_PTP_RunnerTest -->
    </test> <!-- Default test -->
  </suite> <!-- Default suite -->
</testng-results>
