<?xml version="1.0" encoding="UTF-8"?>
<testng-results skipped="0" failed="0" total="1" passed="1">
  <reporter-output>
  </reporter-output>
  <suite name="Default suite" duration-ms="848095" started-at="2019-05-24T10:47:28Z" finished-at="2019-05-24T11:01:36Z">
    <groups>
      <group name="cucumber">
        <method signature="AbstractTestNGCucumberTests.feature(cucumber.api.testng.CucumberFeatureWrapper)[pri:0, instance:step_definitions.MyAccountRunnerTest@7d0587f1]" name="feature" class="cucumber.api.testng.AbstractTestNGCucumberTests"/>
      </group> <!-- cucumber -->
    </groups>
    <test name="Default test" duration-ms="848095" started-at="2019-05-24T10:47:28Z" finished-at="2019-05-24T11:01:36Z">
      <class name="step_definitions.MyAccountRunnerTest">
        <test-method status="PASS" signature="setUpClass()[pri:0, instance:step_definitions.MyAccountRunnerTest@7d0587f1]" name="setUpClass" is-config="true" duration-ms="354" started-at="2019-05-24T16:17:28Z" finished-at="2019-05-24T16:17:29Z">
          <reporter-output>
          </reporter-output>
        </test-method> <!-- setUpClass -->
        <test-method status="PASS" signature="feature(cucumber.api.testng.CucumberFeatureWrapper)[pri:0, instance:step_definitions.MyAccountRunnerTest@7d0587f1]" name="feature" duration-ms="847052" started-at="2019-05-24T16:17:29Z" description="Runs Cucumber Feature" data-provider="features" finished-at="2019-05-24T16:31:36Z">
          <params>
            <param index="0">
              <value>
                <![CDATA[Verify multiple scenarios on MyAccount Page]]>
              </value>
            </param>
          </params>
          <reporter-output>
          </reporter-output>
        </test-method> <!-- feature -->
        <test-method status="PASS" signature="teardown()[pri:0, instance:step_definitions.MyAccountRunnerTest@7d0587f1]" name="teardown" is-config="true" duration-ms="142" started-at="2019-05-24T16:31:36Z" finished-at="2019-05-24T16:31:36Z">
          <reporter-output>
          </reporter-output>
        </test-method> <!-- teardown -->
        <test-method status="PASS" signature="tearDownClass()[pri:0, instance:step_definitions.MyAccountRunnerTest@7d0587f1]" name="tearDownClass" is-config="true" duration-ms="414" started-at="2019-05-24T16:31:36Z" finished-at="2019-05-24T16:31:36Z">
          <reporter-output>
          </reporter-output>
        </test-method> <!-- tearDownClass -->
      </class> <!-- step_definitions.MyAccountRunnerTest -->
    </test> <!-- Default test -->
  </suite> <!-- Default suite -->
</testng-results>
